0 info it worked if it ends with ok
1 verbose cli [ '/usr/local/bin/node', '/usr/local/bin/npm', 'start' ]
2 info using npm@5.5.1
3 info using node@v9.3.0
4 verbose run-script [ 'prestart', 'start', 'poststart' ]
5 info lifecycle star-wars-front@0.1.0~prestart: star-wars-front@0.1.0
6 info lifecycle star-wars-front@0.1.0~start: star-wars-front@0.1.0
7 verbose lifecycle star-wars-front@0.1.0~start: unsafe-perm in lifecycle true
8 verbose lifecycle star-wars-front@0.1.0~start: PATH: /usr/local/lib/node_modules/npm/bin/node-gyp-bin:/Volumes/User HD/development/js/desarrolladorFrontEnd-2745/Clase 09/Alumno/Desafío/star-wars-front/node_modules/.bin:/Users/Eli/bin:/usr/local/bin:/usr/local/bin:/usr/bin:/bin:/usr/sbin:/sbin:/Users/Eli/bin
9 verbose lifecycle star-wars-front@0.1.0~start: CWD: /Volumes/User HD/development/js/desarrolladorFrontEnd-2745/Clase 09/Alumno/Desafío/star-wars-front
10 silly lifecycle star-wars-front@0.1.0~start: Args: [ '-c', 'react-scripts start' ]
11 info lifecycle star-wars-front@0.1.0~start: Failed to exec start script
12 verbose stack Error: star-wars-front@0.1.0 start: `react-scripts start`
12 verbose stack spawn ENOENT
12 verbose stack     at ChildProcess.<anonymous> (/usr/local/lib/node_modules/npm/node_modules/npm-lifecycle/lib/spawn.js:48:18)
12 verbose stack     at ChildProcess.emit (events.js:159:13)
12 verbose stack     at maybeClose (internal/child_process.js:943:16)
12 verbose stack     at Process.ChildProcess._handle.onexit (internal/child_process.js:220:5)
13 verbose pkgid star-wars-front@0.1.0
14 verbose cwd /Volumes/User HD/development/js/desarrolladorFrontEnd-2745/Clase 09/Alumno/Desafío/star-wars-front
15 verbose Darwin 15.6.0
16 verbose argv "/usr/local/bin/node" "/usr/local/bin/npm" "start"
17 verbose node v9.3.0
18 verbose npm  v5.5.1
19 error file sh
20 error code ELIFECYCLE
21 error errno ENOENT
22 error syscall spawn
23 error star-wars-front@0.1.0 start: `react-scripts start`
23 error spawn ENOENT
24 error Failed at the star-wars-front@0.1.0 start script.
24 error This is probably not a problem with npm. There is likely additional logging output above.
25 verbose exit [ 1, true ]
